<?xml version="1.0" encoding="UTF-8"?>
<!-- Generated by org.testng.reporters.JUnitReportReporter -->
<testsuite hostname="LAPTOP-N5M0JRC7" failures="0" tests="1" name="com.qa.TestData.Lunch_Browser" time="10.159" errors="0" timestamp="2022-07-24T20:27:30 IST" skipped="0">
  <testcase classname="com.qa.TestData.Lunch_Browser" name="start" time="10.159"/>
  <system-out/>
</testsuite> <!-- com.qa.TestData.Lunch_Browser -->
