<?xml version="1.0" encoding="UTF-8"?>
<!-- Generated by org.testng.reporters.JUnitReportReporter -->
<testsuite hostname="LAPTOP-N5M0JRC7" failures="0" tests="1" name="runner.Cucumber_Runner_Class" time="0.085" errors="0" timestamp="2024-03-17T21:51:24 IST" skipped="0">
  <testcase classname="runner.Cucumber_Runner_Class" name="runScenario" time="0.085"/>
  <system-out/>
</testsuite> <!-- runner.Cucumber_Runner_Class -->
