<?xml version="1.0" encoding="UTF-8"?>
<!-- Generated by org.testng.reporters.JUnitReportReporter -->
<testsuite hostname="LAPTOP-N5M0JRC7" failures="0" tests="1" name="basicRequest.FetchData_fromJSon" time="7.353" errors="0" timestamp="2024-04-20T15:49:57 IST" skipped="0">
  <testcase classname="basicRequest.FetchData_fromJSon" name="fetchDetailsFromJson" time="7.353"/>
  <system-out/>
</testsuite> <!-- basicRequest.FetchData_fromJSon -->
