<?xml version="1.0" encoding="UTF-8"?>
<!-- Generated by org.testng.reporters.JUnitReportReporter -->
<testsuite hostname="LAPTOP-N5M0JRC7" failures="0" tests="1" name="basicRequest.Delete_method" time="2.691" errors="0" timestamp="2024-04-11T06:44:08 IST" skipped="0">
  <testcase classname="basicRequest.Delete_method" name="createWorkspaceMethod" time="2.691"/>
  <system-out/>
</testsuite> <!-- basicRequest.Delete_method -->
