<?xml version="1.0" encoding="UTF-8"?>
<!-- Generated by org.testng.reporters.JUnitReportReporter -->
<testsuite hostname="LAPTOP-N5M0JRC7" failures="0" tests="1" name="basicRequest.GET_List_Workspaces" time="4.262" errors="0" timestamp="2024-04-06T17:42:47 IST" skipped="0">
  <testcase classname="basicRequest.GET_List_Workspaces" name="getWorkspaceList" time="4.262"/>
  <system-out/>
</testsuite> <!-- basicRequest.GET_List_Workspaces -->
