<?xml version="1.0" encoding="UTF-8"?>
<!-- Generated by org.testng.reporters.JUnitReportReporter -->
<testsuite hostname="LAPTOP-N5M0JRC7" failures="0" tests="1" name="basicRequest.GET_Method" time="4.862" errors="0" timestamp="2024-04-05T19:11:05 IST" skipped="0">
  <testcase classname="basicRequest.GET_Method" name="getUserMethod" time="4.862"/>
  <system-out/>
</testsuite> <!-- basicRequest.GET_Method -->
