<?xml version="1.0" encoding="UTF-8"?>
<!-- Generated by org.testng.reporters.JUnitReportReporter -->
<testsuite hostname="LAPTOP-N5M0JRC7" failures="0" tests="1" name="basicRequest.HEAD_headerDetails" time="3.924" errors="0" timestamp="2024-04-11T08:25:56 IST" skipped="0">
  <testcase classname="basicRequest.HEAD_headerDetails" name="getHeaderDetails" time="3.924"/>
  <system-out/>
</testsuite> <!-- basicRequest.HEAD_headerDetails -->
