<?xml version="1.0" encoding="UTF-8"?>
<!-- Generated by org.testng.reporters.JUnitReportReporter -->
<testsuite hostname="LAPTOP-N5M0JRC7" failures="0" tests="1" name="basicRequest.GET_single_workspace" time="46.953" errors="0" timestamp="2024-04-06T17:53:08 IST" skipped="0">
  <testcase classname="basicRequest.GET_single_workspace" name="getWorkSpaceList" time="46.953"/>
  <system-out/>
</testsuite> <!-- basicRequest.GET_single_workspace -->
