<?xml version="1.0" encoding="UTF-8"?>
<!-- Generated by org.testng.reporters.JUnitReportReporter -->
<testsuite hostname="LAPTOP-N5M0JRC7" failures="0" tests="1" name="basicRequest.Post_creat_workspace" time="5.747" errors="0" timestamp="2024-04-11T06:09:02 IST" skipped="0">
  <testcase classname="basicRequest.Post_creat_workspace" name="createWorkspaceMethod" time="5.747"/>
  <system-out/>
</testsuite> <!-- basicRequest.Post_creat_workspace -->
